Arguments: 
  C:\Program Files\nodejs\node-v8.12.0-win-x64\node.exe C:\Users\mualsabih\scoop\apps\yarn\current\Yarn\bin\yarn.js install

PATH: 
  C:\Program Files (x86)\Common Files\Oracle\Java\javapath;C:\ProgramData\scoop\shims;C:\Program Files\Microsoft MPI\Bin\;C:\ProgramData\Oracle\Java\javapath;C:\Windows\system32;C:\Windows;C:\Windows\System32\Wbem;C:\Windows\System32\WindowsPowerShell\v1.0\;C:\Program Files\Common Files\EMC\;c:\Program Files\Intel\WiFi\bin\;c:\Program Files\Common Files\Intel\WirelessCommon\;C:\Program Files\nodejs\node-v8.12.0-win-x64;C:\Program Files (x86)\Microsoft SQL Server\130\Tools\Binn\;C:\Program Files\Microsoft SQL Server\130\Tools\Binn\;C:\Program Files (x86)\Microsoft SQL Server\130\DTS\Binn\;C:\Program Files\Microsoft SQL Server\130\DTS\Binn\;C:\Program Files\Microsoft SQL Server\Client SDK\ODBC\130\Tools\Binn\;C:\Program Files (x86)\Microsoft SQL Server\Client SDK\ODBC\130\Tools\Binn\;C:\Program Files (x86)\Microsoft SQL Server\140\Tools\Binn\;C:\Program Files (x86)\Microsoft SQL Server\140\DTS\Binn\;C:\Program Files (x86)\Microsoft SQL Server\140\Tools\Binn\ManagementStudio\;C:\Program Files\Java\jdk1.8.0_181\bin;C:\Program Files (x86)\Skype\Phone\;C:\Program Files\nodejs\;C:\Users\mualsabih\scoop\apps\yarn\current\Yarn\bin;C:\Users\mualsabih\scoop\apps\yarn\current\bin;C:\Users\mualsabih\scoop\shims;C:\Users\mualsabih\AppData\Local\Microsoft\WindowsApps;C:\Users\mualsabih\AppData\Local\atom\bin;C:\Program Files (x86)\Microsoft VS Code Insiders\bin;C:\Program Files\Microsoft VS Code\bin;C:\Users\mualsabih\AppData\Local\Programs\Microsoft VS Code\bin

Yarn version: 
  1.10.1

Node version: 
  8.12.0

Platform: 
  win32 x64

Trace: 
  Error: https://registry.yarnpkg.com/@fortawesome/free-solid-svg-icons/-/free-solid-svg-icons-5.11.2.tgz: ESOCKETTIMEDOUT
      at ClientRequest.<anonymous> (C:\Users\mualsabih\scoop\apps\yarn\1.10.1\Yarn\lib\cli.js:120793:19)
      at Object.onceWrapper (events.js:313:30)
      at emitNone (events.js:106:13)
      at ClientRequest.emit (events.js:208:7)
      at TLSSocket.emitTimeout (_http_client.js:707:34)
      at Object.onceWrapper (events.js:313:30)
      at emitNone (events.js:106:13)
      at TLSSocket.emit (events.js:208:7)
      at TLSSocket.Socket._onTimeout (net.js:422:8)
      at ontimeout (timers.js:498:11)

npm manifest: 
  {
    "name": "frontend-demo",
    "version": "0.1.0",
    "private": true,
    "dependencies": {
      "@fortawesome/fontawesome-svg-core": "^1.2.25",
      "@fortawesome/free-solid-svg-icons": "^5.11.2",
      "@fortawesome/react-fontawesome": "^0.1.7",
      "axios": "^0.19.0",
      "bootstrap": "^4.3.1",
      "bootstrap4-toggle": "^3.6.1",
      "classnames": "^2.2.6",
      "jquery": "^3.4.1",
      "popper": "^1.0.1",
      "popper.js": "^1.15.0",
      "react": "^16.8.6",
      "react-alert": "^5.5.0",
      "react-alert-template-basic": "^1.0.0",
      "react-dom": "^16.8.6",
      "react-intl": "^2.9.0",
      "react-router-dom": "^5.0.1",
      "react-scripts": "3.0.1",
      "react-transition-group": "^4.2.1",
      "react-with-direction": "^1.3.1",
      "reactstrap": "^8.1.1",
      "rxjs": "^6.5.3"
    },
    "scripts": {
      "start": "react-scripts start",
      "build": "react-scripts build",
      "test": "react-scripts test",
      "eject": "react-scripts eject"
    },
    "proxy": "http://localhost:8080",
    "eslintConfig": {
      "extends": "react-app"
    },
    "browserslist": {
      "production": [
        ">0.2%",
        "not dead",
        "not op_mini all"
      ],
      "development": [
        "last 1 chrome version",
        "last 1 firefox version",
        "last 1 safari version"
      ]
    }
  }

yarn manifest: 
  No manifest

Lockfile: 
  No lockfile
